<?xml version="1.0" encoding="UTF-8"?>
<testng-results total="1" passed="1" failed="0" skipped="0">
  <reporter-output>
  </reporter-output>
  <suite started-at="2021-03-26T01:31:49Z" name="Default suite" finished-at="2021-03-26T01:31:58Z" duration-ms="8109">
    <groups>
    </groups>
    <test started-at="2021-03-26T01:31:49Z" name="Default test" finished-at="2021-03-26T01:31:58Z" duration-ms="8109">
      <class name="com.selenium.grid.MonkMainsOnly">
        <test-method is-config="true" signature="setUp()[pri:0, instance:com.selenium.grid.MonkMainsOnly@2b72cb8a]" started-at="2021-03-25T20:31:49Z" name="setUp" finished-at="2021-03-25T20:31:51Z" duration-ms="1532" status="PASS">
          <reporter-output>
          </reporter-output>
        </test-method> <!-- setUp -->
        <test-method signature="testTitleInChrome()[pri:0, instance:com.selenium.grid.MonkMainsOnly@2b72cb8a]" started-at="2021-03-25T20:31:51Z" name="testTitleInChrome" finished-at="2021-03-25T20:31:58Z" duration-ms="6568" status="PASS">
          <reporter-output>
          </reporter-output>
        </test-method> <!-- testTitleInChrome -->
      </class> <!-- com.selenium.grid.MonkMainsOnly -->
    </test> <!-- Default test -->
  </suite> <!-- Default suite -->
</testng-results>
